<?xml version="1.0" encoding="UTF-8"?>
<coverage generated="1663864175850" clover="3.2.0">
  <project timestamp="1663864175850" name="All files">
    <metrics statements="49" coveredstatements="48" conditionals="24" coveredconditionals="23" methods="11" coveredmethods="11" elements="84" coveredelements="82" complexity="0" loc="49" ncloc="49" packages="1" files="1" classes="1"/>
    <file name="index.js" path="C:\Users\Julia\Documents\Reprograma\on21-imersao-js-S1-TDD\exercicios\para-sala\index.js">
      <metrics statements="49" coveredstatements="48" conditionals="24" coveredconditionals="23" methods="11" coveredmethods="11"/>
      <line num="1" count="1" type="stmt"/>
      <line num="2" count="1" type="stmt"/>
      <line num="4" count="1" type="stmt"/>
      <line num="7" count="1" type="stmt"/>
      <line num="8" count="3" type="stmt"/>
      <line num="10" count="3" type="cond" truecount="2" falsecount="0"/>
      <line num="11" count="1" type="stmt"/>
      <line num="13" count="2" type="cond" truecount="2" falsecount="0"/>
      <line num="14" count="1" type="stmt"/>
      <line num="16" count="1" type="stmt"/>
      <line num="20" count="3" type="stmt"/>
      <line num="25" count="9" type="cond" truecount="2" falsecount="0"/>
      <line num="26" count="3" type="stmt"/>
      <line num="29" count="6" type="cond" truecount="8" falsecount="0"/>
      <line num="32" count="3" type="stmt"/>
      <line num="35" count="3" type="stmt"/>
      <line num="40" count="1" type="stmt"/>
      <line num="41" count="1" type="stmt"/>
      <line num="43" count="3" type="stmt"/>
      <line num="45" count="1" type="stmt"/>
      <line num="46" count="1" type="stmt"/>
      <line num="47" count="1" type="stmt"/>
      <line num="49" count="1" type="stmt"/>
      <line num="51" count="8" type="stmt"/>
      <line num="52" count="8" type="stmt"/>
      <line num="53" count="24" type="cond" truecount="2" falsecount="0"/>
      <line num="54" count="12" type="stmt"/>
      <line num="57" count="8" type="cond" truecount="2" falsecount="0"/>
      <line num="59" count="7" type="stmt"/>
      <line num="63" count="1" type="stmt"/>
      <line num="67" count="2" type="cond" truecount="2" falsecount="0"/>
      <line num="68" count="1" type="stmt"/>
      <line num="70" count="1" type="stmt"/>
      <line num="74" count="2" type="stmt"/>
      <line num="82" count="1" type="stmt"/>
      <line num="83" count="1" type="stmt"/>
      <line num="86" count="1" type="stmt"/>
      <line num="87" count="1" type="stmt"/>
      <line num="90" count="1" type="stmt"/>
      <line num="91" count="1" type="stmt"/>
      <line num="94" count="1" type="stmt"/>
      <line num="95" count="1" type="stmt"/>
      <line num="98" count="1" type="stmt"/>
      <line num="99" count="1" type="cond" truecount="3" falsecount="1"/>
      <line num="100" count="0" type="stmt"/>
      <line num="102" count="1" type="stmt"/>
      <line num="103" count="4" type="stmt"/>
      <line num="105" count="1" type="stmt"/>
      <line num="110" count="1" type="stmt"/>
    </file>
  </project>
</coverage>
