{"C:\\Users\\Julia\\Documents\\Reprograma\\on21-imersao-js-S1-TDD\\exercicios\\para-sala\\index.js": {"path":"C:\\Users\\Julia\\Documents\\Reprograma\\on21-imersao-js-S1-TDD\\exercicios\\para-sala\\index.js","statementMap":{"0":{"start":{"line":1,"column":35},"end":{"line":5,"column":1}},"1":{"start":{"line":2,"column":21},"end":{"line":2,"column":45}},"2":{"start":{"line":4,"column":2},"end":{"line":4,"column":21}},"3":{"start":{"line":7,"column":24},"end":{"line":21,"column":1}},"4":{"start":{"line":8,"column":15},"end":{"line":8,"column":17}},"5":{"start":{"line":10,"column":2},"end":{"line":18,"column":3}},"6":{"start":{"line":11,"column":6},"end":{"line":11,"column":40}},"7":{"start":{"line":13,"column":6},"end":{"line":17,"column":7}},"8":{"start":{"line":14,"column":10},"end":{"line":14,"column":44}},"9":{"start":{"line":16,"column":10},"end":{"line":16,"column":46}},"10":{"start":{"line":20,"column":2},"end":{"line":20,"column":16}},"11":{"start":{"line":25,"column":2},"end":{"line":27,"column":3}},"12":{"start":{"line":26,"column":6},"end":{"line":26,"column":23}},"13":{"start":{"line":29,"column":2},"end":{"line":33,"column":2}},"14":{"start":{"line":32,"column":4},"end":{"line":32,"column":31}},"15":{"start":{"line":35,"column":1},"end":{"line":35,"column":28}},"16":{"start":{"line":40,"column":18},"end":{"line":40,"column":20}},"17":{"start":{"line":41,"column":4},"end":{"line":44,"column":5}},"18":{"start":{"line":41,"column":17},"end":{"line":41,"column":18}},"19":{"start":{"line":41,"column":24},"end":{"line":41,"column":25}},"20":{"start":{"line":43,"column":8},"end":{"line":43,"column":40}},"21":{"start":{"line":45,"column":25},"end":{"line":45,"column":27}},"22":{"start":{"line":46,"column":15},"end":{"line":46,"column":17}},"23":{"start":{"line":47,"column":28},"end":{"line":47,"column":53}},"24":{"start":{"line":49,"column":4},"end":{"line":61,"column":5}},"25":{"start":{"line":49,"column":17},"end":{"line":49,"column":18}},"26":{"start":{"line":51,"column":8},"end":{"line":51,"column":18}},"27":{"start":{"line":52,"column":8},"end":{"line":56,"column":9}},"28":{"start":{"line":52,"column":21},"end":{"line":52,"column":22}},"29":{"start":{"line":53,"column":12},"end":{"line":55,"column":13}},"30":{"start":{"line":54,"column":16},"end":{"line":54,"column":33}},"31":{"start":{"line":57,"column":8},"end":{"line":60,"column":9}},"32":{"start":{"line":59,"column":12},"end":{"line":59,"column":36}},"33":{"start":{"line":63,"column":4},"end":{"line":63,"column":24}},"34":{"start":{"line":67,"column":2},"end":{"line":69,"column":3}},"35":{"start":{"line":68,"column":6},"end":{"line":68,"column":26}},"36":{"start":{"line":70,"column":2},"end":{"line":70,"column":18}},"37":{"start":{"line":74,"column":2},"end":{"line":74,"column":44}},"38":{"start":{"line":82,"column":16},"end":{"line":84,"column":3}},"39":{"start":{"line":83,"column":4},"end":{"line":83,"column":22}},"40":{"start":{"line":86,"column":15},"end":{"line":88,"column":3}},"41":{"start":{"line":87,"column":4},"end":{"line":87,"column":22}},"42":{"start":{"line":90,"column":16},"end":{"line":92,"column":3}},"43":{"start":{"line":91,"column":4},"end":{"line":91,"column":22}},"44":{"start":{"line":94,"column":15},"end":{"line":96,"column":3}},"45":{"start":{"line":95,"column":4},"end":{"line":95,"column":22}},"46":{"start":{"line":98,"column":20},"end":{"line":107,"column":3}},"47":{"start":{"line":99,"column":4},"end":{"line":106,"column":5}},"48":{"start":{"line":100,"column":6},"end":{"line":100,"column":15}},"49":{"start":{"line":102,"column":6},"end":{"line":104,"column":7}},"50":{"start":{"line":102,"column":19},"end":{"line":102,"column":27}},"51":{"start":{"line":103,"column":8},"end":{"line":103,"column":18}},"52":{"start":{"line":105,"column":6},"end":{"line":105,"column":18}},"53":{"start":{"line":110,"column":0},"end":{"line":118,"column":1}}},"fnMap":{"0":{"name":"(anonymous_0)","decl":{"start":{"line":1,"column":35},"end":{"line":1,"column":36}},"loc":{"start":{"line":1,"column":52},"end":{"line":5,"column":1}},"line":1},"1":{"name":"(anonymous_1)","decl":{"start":{"line":7,"column":24},"end":{"line":7,"column":25}},"loc":{"start":{"line":7,"column":33},"end":{"line":21,"column":1}},"line":7},"2":{"name":"jokenpo","decl":{"start":{"line":23,"column":9},"end":{"line":23,"column":16}},"loc":{"start":{"line":23,"column":34},"end":{"line":36,"column":1}},"line":23},"3":{"name":"generateCombinations","decl":{"start":{"line":38,"column":9},"end":{"line":38,"column":29}},"loc":{"start":{"line":39,"column":0},"end":{"line":64,"column":1}},"line":39},"4":{"name":"sum","decl":{"start":{"line":66,"column":9},"end":{"line":66,"column":12}},"loc":{"start":{"line":66,"column":25},"end":{"line":71,"column":1}},"line":66},"5":{"name":"revert","decl":{"start":{"line":73,"column":9},"end":{"line":73,"column":15}},"loc":{"start":{"line":73,"column":24},"end":{"line":75,"column":1}},"line":73},"6":{"name":"(anonymous_6)","decl":{"start":{"line":82,"column":16},"end":{"line":82,"column":17}},"loc":{"start":{"line":82,"column":32},"end":{"line":84,"column":3}},"line":82},"7":{"name":"(anonymous_7)","decl":{"start":{"line":86,"column":15},"end":{"line":86,"column":16}},"loc":{"start":{"line":86,"column":31},"end":{"line":88,"column":3}},"line":86},"8":{"name":"(anonymous_8)","decl":{"start":{"line":90,"column":16},"end":{"line":90,"column":17}},"loc":{"start":{"line":90,"column":31},"end":{"line":92,"column":3}},"line":90},"9":{"name":"(anonymous_9)","decl":{"start":{"line":94,"column":15},"end":{"line":94,"column":16}},"loc":{"start":{"line":94,"column":31},"end":{"line":96,"column":3}},"line":94},"10":{"name":"(anonymous_10)","decl":{"start":{"line":98,"column":20},"end":{"line":98,"column":21}},"loc":{"start":{"line":98,"column":30},"end":{"line":107,"column":3}},"line":98}},"branchMap":{"0":{"loc":{"start":{"line":10,"column":2},"end":{"line":18,"column":3}},"type":"if","locations":[{"start":{"line":10,"column":2},"end":{"line":18,"column":3}},{"start":{"line":12,"column":9},"end":{"line":18,"column":3}}],"line":10},"1":{"loc":{"start":{"line":13,"column":6},"end":{"line":17,"column":7}},"type":"if","locations":[{"start":{"line":13,"column":6},"end":{"line":17,"column":7}},{"start":{"line":15,"column":13},"end":{"line":17,"column":7}}],"line":13},"2":{"loc":{"start":{"line":25,"column":2},"end":{"line":27,"column":3}},"type":"if","locations":[{"start":{"line":25,"column":2},"end":{"line":27,"column":3}},{"start":{},"end":{}}],"line":25},"3":{"loc":{"start":{"line":29,"column":2},"end":{"line":33,"column":2}},"type":"if","locations":[{"start":{"line":29,"column":2},"end":{"line":33,"column":2}},{"start":{},"end":{}}],"line":29},"4":{"loc":{"start":{"line":29,"column":6},"end":{"line":31,"column":55}},"type":"binary-expr","locations":[{"start":{"line":29,"column":7},"end":{"line":29,"column":26}},{"start":{"line":29,"column":30},"end":{"line":29,"column":49}},{"start":{"line":30,"column":10},"end":{"line":30,"column":29}},{"start":{"line":30,"column":33},"end":{"line":30,"column":54}},{"start":{"line":31,"column":10},"end":{"line":31,"column":31}},{"start":{"line":31,"column":35},"end":{"line":31,"column":54}}],"line":29},"5":{"loc":{"start":{"line":53,"column":12},"end":{"line":55,"column":13}},"type":"if","locations":[{"start":{"line":53,"column":12},"end":{"line":55,"column":13}},{"start":{},"end":{}}],"line":53},"6":{"loc":{"start":{"line":57,"column":8},"end":{"line":60,"column":9}},"type":"if","locations":[{"start":{"line":57,"column":8},"end":{"line":60,"column":9}},{"start":{},"end":{}}],"line":57},"7":{"loc":{"start":{"line":67,"column":2},"end":{"line":69,"column":3}},"type":"if","locations":[{"start":{"line":67,"column":2},"end":{"line":69,"column":3}},{"start":{},"end":{}}],"line":67},"8":{"loc":{"start":{"line":99,"column":4},"end":{"line":106,"column":5}},"type":"if","locations":[{"start":{"line":99,"column":4},"end":{"line":106,"column":5}},{"start":{"line":101,"column":11},"end":{"line":106,"column":5}}],"line":99},"9":{"loc":{"start":{"line":99,"column":8},"end":{"line":99,"column":32}},"type":"binary-expr","locations":[{"start":{"line":99,"column":8},"end":{"line":99,"column":18}},{"start":{"line":99,"column":22},"end":{"line":99,"column":32}}],"line":99}},"s":{"0":1,"1":1,"2":1,"3":1,"4":3,"5":3,"6":1,"7":2,"8":1,"9":1,"10":3,"11":9,"12":3,"13":6,"14":3,"15":3,"16":1,"17":1,"18":1,"19":1,"20":3,"21":1,"22":1,"23":1,"24":1,"25":1,"26":8,"27":8,"28":8,"29":24,"30":12,"31":8,"32":7,"33":1,"34":2,"35":1,"36":1,"37":2,"38":1,"39":1,"40":1,"41":1,"42":1,"43":1,"44":1,"45":1,"46":1,"47":1,"48":0,"49":1,"50":1,"51":4,"52":1,"53":1},"f":{"0":1,"1":3,"2":9,"3":1,"4":2,"5":2,"6":1,"7":1,"8":1,"9":1,"10":1},"b":{"0":[1,2],"1":[1,1],"2":[3,6],"3":[3,3],"4":[6,2,5,2,4,2],"5":[12,12],"6":[7,1],"7":[1,1],"8":[0,1],"9":[1,1]},"_coverageSchema":"1a1c01bbd47fc00a2c39e90264f33305004495a9","hash":"07b05578484154c987928b967204f2101edf4022"}
}
