TN:
SF:exercicios\para-sala\Calculadora.js
FN:2,(anonymous_0)
FN:6,(anonymous_1)
FN:10,(anonymous_2)
FN:14,(anonymous_3)
FNF:4
FNH:4
FNDA:1,(anonymous_0)
FNDA:1,(anonymous_1)
FNDA:1,(anonymous_2)
FNDA:1,(anonymous_3)
DA:3,1
DA:7,1
DA:11,1
DA:15,1
DA:16,1
DA:17,4
DA:19,1
DA:23,1
LF:8
LH:8
BRF:0
BRH:0
end_of_record
TN:
SF:exercicios\para-sala\calculoTroco.js
FN:1,receberMoedas
FN:9,(anonymous_1)
FNF:2
FNH:2
FNDA:5,receberMoedas
FNDA:24,(anonymous_1)
DA:2,5
DA:4,5
DA:5,1
DA:8,4
DA:9,4
DA:10,24
DA:11,9
DA:12,9
DA:16,4
DA:19,1
LF:10
LH:10
BRDA:4,0,0,1
BRDA:4,0,1,4
BRF:2
BRH:2
end_of_record
TN:
SF:exercicios\para-sala\index.js
FN:1,convertCelsiusToFahrenheit
FN:6,checkEvenNumber
FN:22,sum
FN:29,revert
FNF:4
FNH:4
FNDA:1,convertCelsiusToFahrenheit
FNDA:3,checkEvenNumber
FNDA:2,sum
FNDA:2,revert
DA:2,1
DA:4,1
DA:7,3
DA:9,3
DA:10,1
DA:12,2
DA:13,1
DA:15,1
DA:19,3
DA:23,2
DA:24,1
DA:26,1
DA:30,2
DA:33,1
LF:14
LH:14
BRDA:9,0,0,1
BRDA:9,0,1,2
BRDA:12,1,0,1
BRDA:12,1,1,1
BRDA:23,2,0,1
BRDA:23,2,1,1
BRF:6
BRH:6
end_of_record
