TN:
SF:exercicios\para-casa\entregas\julia-valerio\contaBancaria.js
FN:14,getSaldoTotalConta
FN:19,criarConta
FN:26,depositar
FN:34,consultarSaldo
FN:38,consultarLimite
FN:42,sacar
FN:50,alterarLimite
FN:58,desativarLimite
FNF:8
FNH:8
FNDA:3,getSaldoTotalConta
FNDA:5,criarConta
FNDA:1,depositar
FNDA:1,consultarSaldo
FNDA:1,consultarLimite
FNDA:2,sacar
FNDA:2,alterarLimite
FNDA:1,desativarLimite
DA:8,1
DA:15,3
DA:16,3
DA:20,5
DA:21,5
DA:22,5
DA:23,5
DA:27,1
DA:28,0
DA:30,1
DA:31,1
DA:35,1
DA:39,1
DA:43,2
DA:44,1
DA:45,1
DA:47,1
DA:51,2
DA:52,0
DA:54,2
DA:55,2
DA:59,1
DA:62,1
LF:23
LH:21
BRDA:15,0,0,3
BRDA:15,0,1,0
BRDA:15,1,0,3
BRDA:15,1,1,3
BRDA:27,2,0,0
BRDA:27,2,1,1
BRDA:27,3,0,1
BRDA:27,3,1,1
BRDA:43,4,0,1
BRDA:43,4,1,1
BRDA:51,5,0,0
BRDA:51,5,1,2
BRDA:51,6,0,2
BRDA:51,6,1,2
BRF:14
BRH:11
end_of_record
TN:
SF:exercicios\para-sala\index.js
FN:1,(anonymous_0)
FN:7,(anonymous_1)
FN:23,jokenpo
FN:38,generateCombinations
FN:66,sum
FN:73,revert
FN:82,(anonymous_6)
FN:86,(anonymous_7)
FN:90,(anonymous_8)
FN:94,(anonymous_9)
FN:98,(anonymous_10)
FNF:11
FNH:11
FNDA:1,(anonymous_0)
FNDA:3,(anonymous_1)
FNDA:9,jokenpo
FNDA:1,generateCombinations
FNDA:2,sum
FNDA:2,revert
FNDA:1,(anonymous_6)
FNDA:1,(anonymous_7)
FNDA:1,(anonymous_8)
FNDA:1,(anonymous_9)
FNDA:1,(anonymous_10)
DA:1,1
DA:2,1
DA:4,1
DA:7,1
DA:8,3
DA:10,3
DA:11,1
DA:13,2
DA:14,1
DA:16,1
DA:20,3
DA:25,9
DA:26,3
DA:29,6
DA:32,3
DA:35,3
DA:40,1
DA:41,1
DA:43,3
DA:45,1
DA:46,1
DA:47,1
DA:49,1
DA:51,8
DA:52,8
DA:53,24
DA:54,12
DA:57,8
DA:59,7
DA:63,1
DA:67,2
DA:68,1
DA:70,1
DA:74,2
DA:82,1
DA:83,1
DA:86,1
DA:87,1
DA:90,1
DA:91,1
DA:94,1
DA:95,1
DA:98,1
DA:99,1
DA:100,0
DA:102,1
DA:103,4
DA:105,1
DA:110,1
LF:49
LH:48
BRDA:10,0,0,1
BRDA:10,0,1,2
BRDA:13,1,0,1
BRDA:13,1,1,1
BRDA:25,2,0,3
BRDA:25,2,1,6
BRDA:29,3,0,3
BRDA:29,3,1,3
BRDA:29,4,0,6
BRDA:29,4,1,2
BRDA:29,4,2,5
BRDA:29,4,3,2
BRDA:29,4,4,4
BRDA:29,4,5,2
BRDA:53,5,0,12
BRDA:53,5,1,12
BRDA:57,6,0,7
BRDA:57,6,1,1
BRDA:67,7,0,1
BRDA:67,7,1,1
BRDA:99,8,0,0
BRDA:99,8,1,1
BRDA:99,9,0,1
BRDA:99,9,1,1
BRF:24
BRH:23
end_of_record
